after rect at 1 x 1
current screen:
10000000000000000000000000000000000000000000000000
00000000000000000000000000000000000000000000000000
00000000000000000000000000000000000000000000000000
00000000000000000000000000000000000000000000000000
00000000000000000000000000000000000000000000000000
00000000000000000000000000000000000000000000000000
after row at 0 by 6:
current screen:
00000010000000000000000000000000000000000000000000
00000000000000000000000000000000000000000000000000
00000000000000000000000000000000000000000000000000
00000000000000000000000000000000000000000000000000
00000000000000000000000000000000000000000000000000
00000000000000000000000000000000000000000000000000
after rect at 1 x 1
current screen:
10000010000000000000000000000000000000000000000000
00000000000000000000000000000000000000000000000000
00000000000000000000000000000000000000000000000000
00000000000000000000000000000000000000000000000000
00000000000000000000000000000000000000000000000000
00000000000000000000000000000000000000000000000000
after row at 0 by 3:
current screen:
00010010000000000000000000000000000000000000000000
00000000000000000000000000000000000000000000000000
00000000000000000000000000000000000000000000000000
00000000000000000000000000000000000000000000000000
00000000000000000000000000000000000000000000000000
00000000000000000000000000000000000000000000000000
after rect at 1 x 1
current screen:
10010010000000000000000000000000000000000000000000
00000000000000000000000000000000000000000000000000
00000000000000000000000000000000000000000000000000
00000000000000000000000000000000000000000000000000
00000000000000000000000000000000000000000000000000
00000000000000000000000000000000000000000000000000
after row at 0 by 5:
current screen:
01000100100000000000000000000000000000000000000000
00000000000000000000000000000000000000000000000000
00000000000000000000000000000000000000000000000000
00000000000000000000000000000000000000000000000000
00000000000000000000000000000000000000000000000000
00000000000000000000000000000000000000000000000000
after rect at 1 x 1
current screen:
11000100100000000000000000000000000000000000000000
00000000000000000000000000000000000000000000000000
00000000000000000000000000000000000000000000000000
00000000000000000000000000000000000000000000000000
00000000000000000000000000000000000000000000000000
00000000000000000000000000000000000000000000000000
after row at 0 by 4:
current screen:
01001100100000000000000000000000000000000000000000
00000000000000000000000000000000000000000000000000
00000000000000000000000000000000000000000000000000
00000000000000000000000000000000000000000000000000
00000000000000000000000000000000000000000000000000
00000000000000000000000000000000000000000000000000
after rect at 2 x 1
current screen:
11001100100000000000000000000000000000000000000000
00000000000000000000000000000000000000000000000000
00000000000000000000000000000000000000000000000000
00000000000000000000000000000000000000000000000000
00000000000000000000000000000000000000000000000000
00000000000000000000000000000000000000000000000000
after row at 0 by 5:
current screen:
10010110010000000000000000000000000000000000000000
00000000000000000000000000000000000000000000000000
00000000000000000000000000000000000000000000000000
00000000000000000000000000000000000000000000000000
00000000000000000000000000000000000000000000000000
00000000000000000000000000000000000000000000000000
after rect at 2 x 1
current screen:
11010110010000000000000000000000000000000000000000
00000000000000000000000000000000000000000000000000
00000000000000000000000000000000000000000000000000
00000000000000000000000000000000000000000000000000
00000000000000000000000000000000000000000000000000
00000000000000000000000000000000000000000000000000
after row at 0 by 2:
current screen:
01110110010000000000000000000000000000000000000000
00000000000000000000000000000000000000000000000000
00000000000000000000000000000000000000000000000000
00000000000000000000000000000000000000000000000000
00000000000000000000000000000000000000000000000000
00000000000000000000000000000000000000000000000000
after rect at 1 x 1
current screen:
11110110010000000000000000000000000000000000000000
00000000000000000000000000000000000000000000000000
00000000000000000000000000000000000000000000000000
00000000000000000000000000000000000000000000000000
00000000000000000000000000000000000000000000000000
00000000000000000000000000000000000000000000000000
after row at 0 by 5:
current screen:
11001111100000000000000000000000000000000000000000
00000000000000000000000000000000000000000000000000
00000000000000000000000000000000000000000000000000
00000000000000000000000000000000000000000000000000
00000000000000000000000000000000000000000000000000
00000000000000000000000000000000000000000000000000
after rect at 4 x 1
current screen:
11111111100000000000000000000000000000000000000000
00000000000000000000000000000000000000000000000000
00000000000000000000000000000000000000000000000000
00000000000000000000000000000000000000000000000000
00000000000000000000000000000000000000000000000000
00000000000000000000000000000000000000000000000000
after row at 0 by 2:
current screen:
11111111100000000000000000000000000000000000000000
00000000000000000000000000000000000000000000000000
00000000000000000000000000000000000000000000000000
00000000000000000000000000000000000000000000000000
00000000000000000000000000000000000000000000000000
00000000000000000000000000000000000000000000000000
after rect at 1 x 1
current screen:
11111111100000000000000000000000000000000000000000
00000000000000000000000000000000000000000000000000
00000000000000000000000000000000000000000000000000
00000000000000000000000000000000000000000000000000
00000000000000000000000000000000000000000000000000
00000000000000000000000000000000000000000000000000
after row at 0 by 3:
current screen:
11111111100000000000000000000000000000000000000000
00000000000000000000000000000000000000000000000000
00000000000000000000000000000000000000000000000000
00000000000000000000000000000000000000000000000000
00000000000000000000000000000000000000000000000000
00000000000000000000000000000000000000000000000000
after rect at 1 x 1
current screen:
11111111100000000000000000000000000000000000000000
00000000000000000000000000000000000000000000000000
00000000000000000000000000000000000000000000000000
00000000000000000000000000000000000000000000000000
00000000000000000000000000000000000000000000000000
00000000000000000000000000000000000000000000000000
after row at 0 by 3:
current screen:
11111111100000000000000000000000000000000000000000
00000000000000000000000000000000000000000000000000
00000000000000000000000000000000000000000000000000
00000000000000000000000000000000000000000000000000
00000000000000000000000000000000000000000000000000
00000000000000000000000000000000000000000000000000
after rect at 1 x 1
current screen:
11111111100000000000000000000000000000000000000000
00000000000000000000000000000000000000000000000000
00000000000000000000000000000000000000000000000000
00000000000000000000000000000000000000000000000000
00000000000000000000000000000000000000000000000000
00000000000000000000000000000000000000000000000000
after row at 0 by 2:
current screen:
11111111100000000000000000000000000000000000000000
00000000000000000000000000000000000000000000000000
00000000000000000000000000000000000000000000000000
00000000000000000000000000000000000000000000000000
00000000000000000000000000000000000000000000000000
00000000000000000000000000000000000000000000000000
after rect at 1 x 1
current screen:
11111111100000000000000000000000000000000000000000
00000000000000000000000000000000000000000000000000
00000000000000000000000000000000000000000000000000
00000000000000000000000000000000000000000000000000
00000000000000000000000000000000000000000000000000
00000000000000000000000000000000000000000000000000
after row at 0 by 6:
current screen:
11100011111100000000000000000000000000000000000000
00000000000000000000000000000000000000000000000000
00000000000000000000000000000000000000000000000000
00000000000000000000000000000000000000000000000000
00000000000000000000000000000000000000000000000000
00000000000000000000000000000000000000000000000000
after rect at 4 x 1
current screen:
11110011111100000000000000000000000000000000000000
00000000000000000000000000000000000000000000000000
00000000000000000000000000000000000000000000000000
00000000000000000000000000000000000000000000000000
00000000000000000000000000000000000000000000000000
00000000000000000000000000000000000000000000000000
after row at 0 by 4:
current screen:
00111111111100000000000000000000000000000000000000
00000000000000000000000000000000000000000000000000
00000000000000000000000000000000000000000000000000
00000000000000000000000000000000000000000000000000
00000000000000000000000000000000000000000000000000
00000000000000000000000000000000000000000000000000
after column at 0 by 1:
current screen:
00111111111100000000000000000000000000000000000000
00000000000000000000000000000000000000000000000000
00000000000000000000000000000000000000000000000000
00000000000000000000000000000000000000000000000000
00000000000000000000000000000000000000000000000000
00000000000000000000000000000000000000000000000000
after rect at 3 x 1
current screen:
11111111111100000000000000000000000000000000000000
00000000000000000000000000000000000000000000000000
00000000000000000000000000000000000000000000000000
00000000000000000000000000000000000000000000000000
00000000000000000000000000000000000000000000000000
00000000000000000000000000000000000000000000000000
after row at 0 by 6:
current screen:
11111111111100000000000000000000000000000000000000
00000000000000000000000000000000000000000000000000
00000000000000000000000000000000000000000000000000
00000000000000000000000000000000000000000000000000
00000000000000000000000000000000000000000000000000
00000000000000000000000000000000000000000000000000
after column at 0 by 1:
current screen:
01111111111100000000000000000000000000000000000000
10000000000000000000000000000000000000000000000000
00000000000000000000000000000000000000000000000000
00000000000000000000000000000000000000000000000000
00000000000000000000000000000000000000000000000000
00000000000000000000000000000000000000000000000000
after rect at 4 x 1
current screen:
11111111111100000000000000000000000000000000000000
10000000000000000000000000000000000000000000000000
00000000000000000000000000000000000000000000000000
00000000000000000000000000000000000000000000000000
00000000000000000000000000000000000000000000000000
00000000000000000000000000000000000000000000000000
after column at 10 by 1:
current screen:
11111111110100000000000000000000000000000000000000
10000000001000000000000000000000000000000000000000
00000000000000000000000000000000000000000000000000
00000000000000000000000000000000000000000000000000
00000000000000000000000000000000000000000000000000
00000000000000000000000000000000000000000000000000
after row at 2 by 16:
current screen:
11111111110100000000000000000000000000000000000000
10000000001000000000000000000000000000000000000000
00000000000000000000000000000000000000000000000000
00000000000000000000000000000000000000000000000000
00000000000000000000000000000000000000000000000000
00000000000000000000000000000000000000000000000000
after row at 0 by 8:
current screen:
11010000111111110000000000000000000000000000000000
10000000001000000000000000000000000000000000000000
00000000000000000000000000000000000000000000000000
00000000000000000000000000000000000000000000000000
00000000000000000000000000000000000000000000000000
00000000000000000000000000000000000000000000000000
after column at 5 by 1:
current screen:
11010000111111110000000000000000000000000000000000
10000000001000000000000000000000000000000000000000
00000000000000000000000000000000000000000000000000
00000000000000000000000000000000000000000000000000
00000000000000000000000000000000000000000000000000
00000000000000000000000000000000000000000000000000
after column at 0 by 1:
current screen:
11010000111111110000000000000000000000000000000000
10000000001000000000000000000000000000000000000000
00000000000000000000000000000000000000000000000000
00000000000000000000000000000000000000000000000000
00000000000000000000000000000000000000000000000000
00000000000000000000000000000000000000000000000000
after rect at 7 x 1
current screen:
11111110111111110000000000000000000000000000000000
10000000001000000000000000000000000000000000000000
00000000000000000000000000000000000000000000000000
00000000000000000000000000000000000000000000000000
00000000000000000000000000000000000000000000000000
00000000000000000000000000000000000000000000000000
after column at 37 by 1:
current screen:
11111110111111110000000000000000000000000000000000
10000000001000000000000000000000000000000000000000
00000000000000000000000000000000000000000000000000
00000000000000000000000000000000000000000000000000
00000000000000000000000000000000000000000000000000
00000000000000000000000000000000000000000000000000
after column at 21 by 2:
current screen:
11111110111111110000000000000000000000000000000000
10000000001000000000000000000000000000000000000000
00000000000000000000000000000000000000000000000000
00000000000000000000000000000000000000000000000000
00000000000000000000000000000000000000000000000000
00000000000000000000000000000000000000000000000000
after column at 15 by 1:
current screen:
11111110111111100000000000000000000000000000000000
10000000001000010000000000000000000000000000000000
00000000000000000000000000000000000000000000000000
00000000000000000000000000000000000000000000000000
00000000000000000000000000000000000000000000000000
00000000000000000000000000000000000000000000000000
after column at 11 by 2:
current screen:
11111110111011100000000000000000000000000000000000
10000000001000010000000000000000000000000000000000
00000000000100000000000000000000000000000000000000
00000000000000000000000000000000000000000000000000
00000000000000000000000000000000000000000000000000
00000000000000000000000000000000000000000000000000
after row at 2 by 39:
current screen:
11111110111011100000000000000000000000000000000000
10000000001000010000000000000000000000000000000000
10000000000000000000000000000000000000000000000000
00000000000000000000000000000000000000000000000000
00000000000000000000000000000000000000000000000000
00000000000000000000000000000000000000000000000000
after row at 0 by 36:
current screen:
10000000000000000000000000000000000011111110111011
10000000001000010000000000000000000000000000000000
10000000000000000000000000000000000000000000000000
00000000000000000000000000000000000000000000000000
00000000000000000000000000000000000000000000000000
00000000000000000000000000000000000000000000000000
after column at 33 by 2:
current screen:
10000000000000000000000000000000000011111110111011
10000000001000010000000000000000000000000000000000
10000000000000000000000000000000000000000000000000
00000000000000000000000000000000000000000000000000
00000000000000000000000000000000000000000000000000
00000000000000000000000000000000000000000000000000
after column at 32 by 1:
current screen:
10000000000000000000000000000000000011111110111011
10000000001000010000000000000000000000000000000000
10000000000000000000000000000000000000000000000000
00000000000000000000000000000000000000000000000000
00000000000000000000000000000000000000000000000000
00000000000000000000000000000000000000000000000000
after column at 28 by 2:
current screen:
10000000000000000000000000000000000011111110111011
10000000001000010000000000000000000000000000000000
10000000000000000000000000000000000000000000000000
00000000000000000000000000000000000000000000000000
00000000000000000000000000000000000000000000000000
00000000000000000000000000000000000000000000000000
after column at 27 by 1:
current screen:
10000000000000000000000000000000000011111110111011
10000000001000010000000000000000000000000000000000
10000000000000000000000000000000000000000000000000
00000000000000000000000000000000000000000000000000
00000000000000000000000000000000000000000000000000
00000000000000000000000000000000000000000000000000
after column at 25 by 1:
current screen:
10000000000000000000000000000000000011111110111011
10000000001000010000000000000000000000000000000000
10000000000000000000000000000000000000000000000000
00000000000000000000000000000000000000000000000000
00000000000000000000000000000000000000000000000000
00000000000000000000000000000000000000000000000000
after column at 22 by 1:
current screen:
10000000000000000000000000000000000011111110111011
10000000001000010000000000000000000000000000000000
10000000000000000000000000000000000000000000000000
00000000000000000000000000000000000000000000000000
00000000000000000000000000000000000000000000000000
00000000000000000000000000000000000000000000000000
after column at 21 by 2:
current screen:
10000000000000000000000000000000000011111110111011
10000000001000010000000000000000000000000000000000
10000000000000000000000000000000000000000000000000
00000000000000000000000000000000000000000000000000
00000000000000000000000000000000000000000000000000
00000000000000000000000000000000000000000000000000
after column at 20 by 3:
current screen:
10000000000000000000000000000000000011111110111011
10000000001000010000000000000000000000000000000000
10000000000000000000000000000000000000000000000000
00000000000000000000000000000000000000000000000000
00000000000000000000000000000000000000000000000000
00000000000000000000000000000000000000000000000000
after column at 18 by 1:
current screen:
10000000000000000000000000000000000011111110111011
10000000001000010000000000000000000000000000000000
10000000000000000000000000000000000000000000000000
00000000000000000000000000000000000000000000000000
00000000000000000000000000000000000000000000000000
00000000000000000000000000000000000000000000000000
after column at 15 by 2:
current screen:
10000000000000000000000000000000000011111110111011
10000000001000000000000000000000000000000000000000
10000000000000000000000000000000000000000000000000
00000000000000010000000000000000000000000000000000
00000000000000000000000000000000000000000000000000
00000000000000000000000000000000000000000000000000
after column at 12 by 1:
current screen:
10000000000000000000000000000000000011111110111011
10000000001000000000000000000000000000000000000000
10000000000000000000000000000000000000000000000000
00000000000000010000000000000000000000000000000000
00000000000000000000000000000000000000000000000000
00000000000000000000000000000000000000000000000000
after column at 10 by 1:
current screen:
10000000001000000000000000000000000011111110111011
10000000000000000000000000000000000000000000000000
10000000000000000000000000000000000000000000000000
00000000000000010000000000000000000000000000000000
00000000000000000000000000000000000000000000000000
00000000000000000000000000000000000000000000000000
after column at 6 by 2:
current screen:
10000000001000000000000000000000000011111110111011
10000000000000000000000000000000000000000000000000
10000000000000000000000000000000000000000000000000
00000000000000010000000000000000000000000000000000
00000000000000000000000000000000000000000000000000
00000000000000000000000000000000000000000000000000
after column at 5 by 1:
current screen:
10000000001000000000000000000000000011111110111011
10000000000000000000000000000000000000000000000000
10000000000000000000000000000000000000000000000000
00000000000000010000000000000000000000000000000000
00000000000000000000000000000000000000000000000000
00000000000000000000000000000000000000000000000000
after column at 2 by 1:
current screen:
10000000001000000000000000000000000011111110111011
10000000000000000000000000000000000000000000000000
10000000000000000000000000000000000000000000000000
00000000000000010000000000000000000000000000000000
00000000000000000000000000000000000000000000000000
00000000000000000000000000000000000000000000000000
after column at 0 by 1:
current screen:
10000000001000000000000000000000000011111110111011
10000000000000000000000000000000000000000000000000
10000000000000000000000000000000000000000000000000
00000000000000010000000000000000000000000000000000
00000000000000000000000000000000000000000000000000
00000000000000000000000000000000000000000000000000
after rect at 35 x 1
current screen:
11111111111111111111111111111111111011111110111011
10000000000000000000000000000000000000000000000000
10000000000000000000000000000000000000000000000000
00000000000000010000000000000000000000000000000000
00000000000000000000000000000000000000000000000000
00000000000000000000000000000000000000000000000000
after column at 45 by 1:
current screen:
11111111111111111111111111111111111011111110101011
10000000000000000000000000000000000000000000010000
10000000000000000000000000000000000000000000000000
00000000000000010000000000000000000000000000000000
00000000000000000000000000000000000000000000000000
00000000000000000000000000000000000000000000000000
after row at 1 by 28:
current screen:
11111111111111111111111111111111111011111110101011
00000000000000000100000000001000000000000000000000
10000000000000000000000000000000000000000000000000
00000000000000010000000000000000000000000000000000
00000000000000000000000000000000000000000000000000
00000000000000000000000000000000000000000000000000
after column at 38 by 2:
current screen:
11111111111111111111111111111111111011011110101011
00000000000000000100000000001000000000000000000000
10000000000000000000000000000000000000100000000000
00000000000000010000000000000000000000000000000000
00000000000000000000000000000000000000000000000000
00000000000000000000000000000000000000000000000000
after column at 33 by 1:
current screen:
11111111111111111111111111111111101011011110101011
00000000000000000100000000001000010000000000000000
10000000000000000000000000000000000000100000000000
00000000000000010000000000000000000000000000000000
00000000000000000000000000000000000000000000000000
00000000000000000000000000000000000000000000000000
after column at 28 by 1:
current screen:
11111111111111111111111111111111101011011110101011
00000000000000000100000000001000010000000000000000
10000000000000000000000000000000000000100000000000
00000000000000010000000000000000000000000000000000
00000000000000000000000000000000000000000000000000
00000000000000000000000000000000000000000000000000
after column at 23 by 1:
current screen:
11111111111111111111111011111111101011011110101011
00000000000000000100000100001000010000000000000000
10000000000000000000000000000000000000100000000000
00000000000000010000000000000000000000000000000000
00000000000000000000000000000000000000000000000000
00000000000000000000000000000000000000000000000000
after column at 18 by 1:
current screen:
11111111111111111101111011111111101011011110101011
00000000000000000110000100001000010000000000000000
10000000000000000000000000000000000000100000000000
00000000000000010000000000000000000000000000000000
00000000000000000000000000000000000000000000000000
00000000000000000000000000000000000000000000000000
after column at 13 by 2:
current screen:
11111111111110111101111011111111101011011110101011
00000000000000000110000100001000010000000000000000
10000000000001000000000000000000000000100000000000
00000000000000010000000000000000000000000000000000
00000000000000000000000000000000000000000000000000
00000000000000000000000000000000000000000000000000
after column at 8 by 1:
current screen:
11111111011110111101111011111111101011011110101011
00000000100000000110000100001000010000000000000000
10000000000001000000000000000000000000100000000000
00000000000000010000000000000000000000000000000000
00000000000000000000000000000000000000000000000000
00000000000000000000000000000000000000000000000000
after column at 3 by 1:
current screen:
11101111011110111101111011111111101011011110101011
00010000100000000110000100001000010000000000000000
10000000000001000000000000000000000000100000000000
00000000000000010000000000000000000000000000000000
00000000000000000000000000000000000000000000000000
00000000000000000000000000000000000000000000000000
after row at 3 by 2:
current screen:
11101111011110111101111011111111101011011110101011
00010000100000000110000100001000010000000000000000
10000000000001000000000000000000000000100000000000
00000000000000010000000000000000000000000000000000
00000000000000000000000000000000000000000000000000
00000000000000000000000000000000000000000000000000
after row at 2 by 2:
current screen:
11101111011110111101111011111111101011011110101011
00010000100000000110000100001000010000000000000000
00100000000001000000000000000000000000100000000000
00000000000000010000000000000000000000000000000000
00000000000000000000000000000000000000000000000000
00000000000000000000000000000000000000000000000000
after row at 1 by 5:
current screen:
11101111011110111101111011111111101011011110101011
00010000100000000110000100001000010000000000000000
00100000000001000000000000000000000000100000000000
00000000000000010000000000000000000000000000000000
00000000000000000000000000000000000000000000000000
00000000000000000000000000000000000000000000000000
after row at 0 by 1:
current screen:
11101111011110111101111011111111101011011110101011
00010000100000000110000100001000010000000000000000
00100000000001000000000000000000000000100000000000
00000000000000010000000000000000000000000000000000
00000000000000000000000000000000000000000000000000
00000000000000000000000000000000000000000000000000
after rect at 1 x 5
current screen:
11101111011110111101111011111111101011011110101011
10010000100000000110000100001000010000000000000000
10100000000001000000000000000000000000100000000000
10000000000000010000000000000000000000000000000000
10000000000000000000000000000000000000000000000000
00000000000000000000000000000000000000000000000000
after column at 43 by 1:
current screen:
11101111011110111101111011111111101011011110101011
10010000100000000110000100001000010000000000000000
10100000000001000000000000000000000000100000000000
10000000000000010000000000000000000000000000000000
10000000000000000000000000000000000000000000000000
00000000000000000000000000000000000000000000000000
after column at 31 by 1:
current screen:
11101111011110111101111011111110101011011110101011
10010000100000000110000100001001010000000000000000
10100000000001000000000000000000000000100000000000
10000000000000010000000000000000000000000000000000
10000000000000000000000000000000000000000000000000
00000000000000000000000000000000000000000000000000
after row at 4 by 35:
current screen:
11101111011110111101111011111110101011011110101011
10010000100000000110000100001001010000000000000000
10100000000001000000000000000000000000100000000000
10000000000000010000000000000000000000000000000000
00000000000000000000000000000000000100000000000000
00000000000000000000000000000000000000000000000000
after row at 3 by 20:
current screen:
11101111011110111101111011111110101011011110101011
10010000100000000110000100001001010000000000000000
10100000000001000000000000000000000000100000000000
00000000000000000000100000000000000100000000000000
00000000000000000000000000000000000100000000000000
00000000000000000000000000000000000000000000000000
after row at 1 by 27:
current screen:
11101111011110111101111011111110101011011110101011
10001010000000000000000010010010000100000000110000
10100000000001000000000000000000000000100000000000
00000000000000000000100000000000000100000000000000
00000000000000000000000000000000000100000000000000
00000000000000000000000000000000000000000000000000
after row at 0 by 20:
current screen:
11101111111010101101111011110111101111011110101011
10001010000000000000000010010010000100000000110000
10100000000001000000000000000000000000100000000000
00000000000000000000100000000000000100000000000000
00000000000000000000000000000000000100000000000000
00000000000000000000000000000000000000000000000000
after column at 17 by 1:
current screen:
11101111111010101001111011110111101111011110101011
10001010000000000100000010010010000100000000110000
10100000000001000000000000000000000000100000000000
00000000000000000000100000000000000100000000000000
00000000000000000000000000000000000100000000000000
00000000000000000000000000000000000000000000000000
after column at 15 by 1:
current screen:
11101111111010101001111011110111101111011110101011
10001010000000000100000010010010000100000000110000
10100000000001000000000000000000000000100000000000
00000000000000000000100000000000000100000000000000
00000000000000000000000000000000000100000000000000
00000000000000000000000000000000000000000000000000
after column at 12 by 1:
current screen:
11101111111000101001111011110111101111011110101011
10001010000010000100000010010010000100000000110000
10100000000001000000000000000000000000100000000000
00000000000000000000100000000000000100000000000000
00000000000000000000000000000000000100000000000000
00000000000000000000000000000000000000000000000000
after column at 11 by 2:
current screen:
11101111111000101001111011110111101111011110101011
10001010000010000100000010010010000100000000110000
10100000000001000000000000000000000000100000000000
00000000000000000000100000000000000100000000000000
00000000000000000000000000000000000100000000000000
00000000000000000000000000000000000000000000000000
after column at 10 by 1:
current screen:
11101111110000101001111011110111101111011110101011
10001010001010000100000010010010000100000000110000
10100000000001000000000000000000000000100000000000
00000000000000000000100000000000000100000000000000
00000000000000000000000000000000000100000000000000
00000000000000000000000000000000000000000000000000
after column at 8 by 1:
current screen:
11101111010000101001111011110111101111011110101011
10001010101010000100000010010010000100000000110000
10100000000001000000000000000000000000100000000000
00000000000000000000100000000000000100000000000000
00000000000000000000000000000000000100000000000000
00000000000000000000000000000000000000000000000000
after column at 7 by 1:
current screen:
11101110010000101001111011110111101111011110101011
10001011101010000100000010010010000100000000110000
10100000000001000000000000000000000000100000000000
00000000000000000000100000000000000100000000000000
00000000000000000000000000000000000100000000000000
00000000000000000000000000000000000000000000000000
after column at 5 by 1:
current screen:
11101010010000101001111011110111101111011110101011
10001111101010000100000010010010000100000000110000
10100000000001000000000000000000000000100000000000
00000000000000000000100000000000000100000000000000
00000000000000000000000000000000000100000000000000
00000000000000000000000000000000000000000000000000
after column at 3 by 2:
current screen:
11101010010000101001111011110111101111011110101011
10001111101010000100000010010010000100000000110000
10100000000001000000000000000000000000100000000000
00000000000000000000100000000000000100000000000000
00000000000000000000000000000000000100000000000000
00000000000000000000000000000000000000000000000000
after column at 2 by 1:
current screen:
11001010010000101001111011110111101111011110101011
10101111101010000100000010010010000100000000110000
10100000000001000000000000000000000000100000000000
00000000000000000000100000000000000100000000000000
00000000000000000000000000000000000100000000000000
00000000000000000000000000000000000000000000000000
after column at 0 by 1:
current screen:
11001010010000101001111011110111101111011110101011
10101111101010000100000010010010000100000000110000
10100000000001000000000000000000000000100000000000
00000000000000000000100000000000000100000000000000
00000000000000000000000000000000000100000000000000
00000000000000000000000000000000000000000000000000
after rect at 19 x 1
current screen:
11111111111111111111111011110111101111011110101011
10101111101010000100000010010010000100000000110000
10100000000001000000000000000000000000100000000000
00000000000000000000100000000000000100000000000000
00000000000000000000000000000000000100000000000000
00000000000000000000000000000000000000000000000000
after column at 20 by 3:
current screen:
11111111111111111111111011110111101111011110101011
10101111101010000100000010010010000100000000110000
10100000000001000000000000000000000000100000000000
00000000000000000000100000000000000100000000000000
00000000000000000000000000000000000100000000000000
00000000000000000000000000000000000000000000000000
after column at 14 by 1:
current screen:
11111111111111011111111011110111101111011110101011
10101111101010100100000010010010000100000000110000
10100000000001000000000000000000000000100000000000
00000000000000000000100000000000000100000000000000
00000000000000000000000000000000000100000000000000
00000000000000000000000000000000000000000000000000
after column at 9 by 1:
current screen:
11111111101111011111111011110111101111011110101011
10101111111010100100000010010010000100000000110000
10100000000001000000000000000000000000100000000000
00000000000000000000100000000000000100000000000000
00000000000000000000000000000000000100000000000000
00000000000000000000000000000000000000000000000000
after row at 4 by 15:
current screen:
11111111101111011111111011110111101111011110101011
10101111111010100100000010010010000100000000110000
10100000000001000000000000000000000000100000000000
00000000000000000000100000000000000100000000000000
00000000000000000000000000000000000100000000000000
00000000000000000000000000000000000000000000000000
after row at 3 by 13:
current screen:
11111111101111011111111011110111101111011110101011
10101111111010100100000010010010000100000000110000
10100000000001000000000000000000000000100000000000
00000001000000000000000000000000000100000000000000
00000000000000000000000000000000000100000000000000
00000000000000000000000000000000000000000000000000
after row at 2 by 15:
current screen:
11111111101111011111111011110111101111011110101011
10101111111010100100000010010010000100000000110000
00000000000000010100000000001000000000100000000000
00000001000000000000000000000000000100000000000000
00000000000000000000000000000000000100000000000000
00000000000000000000000000000000000000000000000000
after row at 1 by 18:
current screen:
11111111101111011111111011110111101111011110101011
00000010010010000110101111111010100100000000110000
00000000000000010100000000001000000000100000000000
00000001000000000000000000000000000100000000000000
00000000000000000000000000000000000100000000000000
00000000000000000000000000000000000000000000000000
after row at 0 by 15:
current screen:
11111111011110111111111101111011101111011110101011
00000010010010000110101111111010100100000000110000
00000000000000010100000000001000000000100000000000
00000001000000000000000000000000000100000000000000
00000000000000000000000000000000000100000000000000
00000000000000000000000000000000000000000000000000
after column at 13 by 1:
current screen:
11111111011110111111111101111011101111011110101011
00000010010010000110101111111010100100000000110000
00000000000000010100000000001000000000100000000000
00000001000000000000000000000000000100000000000000
00000000000000000000000000000000000100000000000000
00000000000000000000000000000000000000000000000000
after column at 12 by 1:
current screen:
11111111011110111111111101111011101111011110101011
00000010010010000110101111111010100100000000110000
00000000000000010100000000001000000000100000000000
00000001000000000000000000000000000100000000000000
00000000000000000000000000000000000100000000000000
00000000000000000000000000000000000000000000000000
after column at 11 by 3:
current screen:
11111111011010111111111101111011101111011110101011
00000010010010000110101111111010100100000000110000
00000000000000010100000000001000000000100000000000
00000001000100000000000000000000000100000000000000
00000000000000000000000000000000000100000000000000
00000000000000000000000000000000000000000000000000
after column at 10 by 1:
current screen:
11111111010010111111111101111011101111011110101011
00000010011010000110101111111010100100000000110000
00000000000000010100000000001000000000100000000000
00000001000100000000000000000000000100000000000000
00000000000000000000000000000000000100000000000000
00000000000000000000000000000000000000000000000000
after column at 8 by 1:
current screen:
11111111010010111111111101111011101111011110101011
00000010011010000110101111111010100100000000110000
00000000000000010100000000001000000000100000000000
00000001000100000000000000000000000100000000000000
00000000000000000000000000000000000100000000000000
00000000000000000000000000000000000000000000000000
after column at 7 by 1:
current screen:
11111110010010111111111101111011101111011110101011
00000011011010000110101111111010100100000000110000
00000000000000010100000000001000000000100000000000
00000001000100000000000000000000000100000000000000
00000000000000000000000000000000000100000000000000
00000000000000000000000000000000000000000000000000
after column at 6 by 1:
current screen:
11111110010010111111111101111011101111011110101011
00000011011010000110101111111010100100000000110000
00000000000000010100000000001000000000100000000000
00000001000100000000000000000000000100000000000000
00000000000000000000000000000000000100000000000000
00000000000000000000000000000000000000000000000000
after column at 5 by 1:
current screen:
11111010010010111111111101111011101111011110101011
00000111011010000110101111111010100100000000110000
00000000000000010100000000001000000000100000000000
00000001000100000000000000000000000100000000000000
00000000000000000000000000000000000100000000000000
00000000000000000000000000000000000000000000000000
after column at 3 by 2:
current screen:
11101010010010111111111101111011101111011110101011
00000111011010000110101111111010100100000000110000
00010000000000010100000000001000000000100000000000
00000001000100000000000000000000000100000000000000
00000000000000000000000000000000000100000000000000
00000000000000000000000000000000000000000000000000
after column at 2 by 1:
current screen:
11001010010010111111111101111011101111011110101011
00100111011010000110101111111010100100000000110000
00010000000000010100000000001000000000100000000000
00000001000100000000000000000000000100000000000000
00000000000000000000000000000000000100000000000000
00000000000000000000000000000000000000000000000000
after column at 1 by 1:
current screen:
10001010010010111111111101111011101111011110101011
01100111011010000110101111111010100100000000110000
00010000000000010100000000001000000000100000000000
00000001000100000000000000000000000100000000000000
00000000000000000000000000000000000100000000000000
00000000000000000000000000000000000000000000000000
after column at 0 by 1:
current screen:
00001010010010111111111101111011101111011110101011
11100111011010000110101111111010100100000000110000
00010000000000010100000000001000000000100000000000
00000001000100000000000000000000000100000000000000
00000000000000000000000000000000000100000000000000
00000000000000000000000000000000000000000000000000
after rect at 14 x 1
current screen:
11111111111111111111111101111011101111011110101011
11100111011010000110101111111010100100000000110000
00010000000000010100000000001000000000100000000000
00000001000100000000000000000000000100000000000000
00000000000000000000000000000000000100000000000000
00000000000000000000000000000000000000000000000000
after row at 3 by 47:
current screen:
11111111111111111111111101111011101111011110101011
11100111011010000110101111111010100100000000110000
00010000000000010100000000001000000000100000000000
00001000100000000000000000000000100000000000000000
00000000000000000000000000000000000100000000000000
00000000000000000000000000000000000000000000000000
after column at 19 by 3:
current screen:
11111111111111111110111101111011101111011110101011
11100111011010000110101111111010100100000000110000
00010000000000010100000000001000000000100000000000
00001000100000000001000000000000100000000000000000
00000000000000000000000000000000000100000000000000
00000000000000000000000000000000000000000000000000
after column at 9 by 3:
current screen:
11111111101111111110111101111011101111011110101011
11100111001010000110101111111010100100000000110000
00010000000000010100000000001000000000100000000000
00001000110000000001000000000000100000000000000000
00000000010000000000000000000000000100000000000000
00000000000000000000000000000000000000000000000000
after column at 4 by 3:
current screen:
11111111101111111110111101111011101111011110101011
11100111001010000110101111111010100100000000110000
00010000000000010100000000001000000000100000000000
00001000110000000001000000000000100000000000000000
00000000010000000000000000000000000100000000000000
00000000000000000000000000000000000000000000000000
after row at 5 by 5:
current screen:
11111111101111111110111101111011101111011110101011
11100111001010000110101111111010100100000000110000
00010000000000010100000000001000000000100000000000
00001000110000000001000000000000100000000000000000
00000000010000000000000000000000000100000000000000
00000000000000000000000000000000000000000000000000
after row at 4 by 5:
current screen:
11111111101111111110111101111011101111011110101011
11100111001010000110101111111010100100000000110000
00010000000000010100000000001000000000100000000000
00001000110000000001000000000000100000000000000000
00001000000000000000000000000000000100000000000000
00000000000000000000000000000000000000000000000000
after row at 3 by 8:
current screen:
11111111101111111110111101111011101111011110101011
11100111001010000110101111111010100100000000110000
00010000000000010100000000001000000000100000000000
11000000000010000001000000000000100000000000000000
00001000000000000000000000000000000100000000000000
00000000000000000000000000000000000000000000000000
after row at 1 by 5:
current screen:
11111111101111111110111101111011101111011110101011
11100111001010000110101111111010100100000000110000
00010000000000010100000000001000000000100000000000
11000000000010000001000000000000100000000000000000
00001000000000000000000000000000000100000000000000
00000000000000000000000000000000000000000000000000
after column at 3 by 2:
current screen:
11111111101111111110111101111011101111011110101011
11100111001010000110101111111010100100000000110000
00010000000000010100000000001000000000100000000000
11000000000010000001000000000000100000000000000000
00001000000000000000000000000000000100000000000000
00000000000000000000000000000000000000000000000000
after column at 2 by 3:
current screen:
11011111101111111110111101111011101111011110101011
11000111001010000110101111111010100100000000110000
00010000000000010100000000001000000000100000000000
11100000000010000001000000000000100000000000000000
00101000000000000000000000000000000100000000000000
00000000000000000000000000000000000000000000000000
after column at 1 by 2:
current screen:
10011111101111111110111101111011101111011110101011
11000111001010000110101111111010100100000000110000
01010000000000010100000000001000000000100000000000
11100000000010000001000000000000100000000000000000
00101000000000000000000000000000000100000000000000
00000000000000000000000000000000000000000000000000
after column at 0 by 2:
current screen:
00011111101111111110111101111011101111011110101011
11000111001010000110101111111010100100000000110000
11010000000000010100000000001000000000100000000000
11100000000010000001000000000000100000000000000000
00101000000000000000000000000000000100000000000000
00000000000000000000000000000000000000000000000000
after rect at 4 x 2
current screen:
11111111101111111110111101111011101111011110101011
11110111001010000110101111111010100100000000110000
11010000000000010100000000001000000000100000000000
11100000000010000001000000000000100000000000000000
00101000000000000000000000000000000100000000000000
00000000000000000000000000000000000000000000000000
after column at 35 by 5:
current screen:
11111111101111111110111101111011101111011110101011
11110111001010000110101111111010100000000000110000
11010000000000010100000000001000000000100000000000
11100000000010000001000000000000100100000000000000
00101000000000000000000000000000000000000000000000
00000000000000000000000000000000000100000000000000
after column at 20 by 3:
current screen:
11111111101111111110011101111011101111011110101011
11110111001010000110001111111010100000000000110000
11010000000000010100000000001000000000100000000000
11100000000010000001100000000000100100000000000000
00101000000000000000100000000000000000000000000000
00000000000000000000000000000000000100000000000000
after column at 10 by 5:
current screen:
11111111101111111110011101111011101111011110101011
11110111000010000110001111111010100000000000110000
11010000000000010100000000001000000000100000000000
11100000000010000001100000000000100100000000000000
00101000000000000000100000000000000000000000000000
00000000001000000000000000000000000100000000000000
after column at 3 by 2:
current screen:
11111111101111111110011101111011101111011110101011
11100111000010000110001111111010100000000000110000
11010000000000010100000000001000000000100000000000
11110000000010000001100000000000100100000000000000
00101000000000000000100000000000000000000000000000
00000000001000000000000000000000000100000000000000
after row at 5 by 20:
current screen:
11111111101111111110011101111011101111011110101011
11100111000010000110001111111010100000000000110000
11010000000000010100000000001000000000100000000000
11110000000010000001100000000000100100000000000000
00101000000000000000100000000000000000000000000000
00000000000000010000000000000010000000000000000000
after row at 3 by 30:
current screen:
11111111101111111110011101111011101111011110101011
11100111000010000110001111111010100000000000110000
11010000000000010100000000001000000000100000000000
10000000000000000000001001000011110000000010000001
00101000000000000000100000000000000000000000000000
00000000000000010000000000000010000000000000000000
after row at 2 by 45:
current screen:
11111111101111111110011101111011101111011110101011
11100111000010000110001111111010100000000000110000
00000000001010000000000100000000010000000000011010
10000000000000000000001001000011110000000010000001
00101000000000000000100000000000000000000000000000
00000000000000010000000000000010000000000000000000
after row at 1 by 30:
current screen:
11111111101111111110011101111011101111011110101011
00111111100000110000101000000011100111000010000110
00000000001010000000000100000000010000000000011010
10000000000000000000001001000011110000000010000001
00101000000000000000100000000000000000000000000000
00000000000000010000000000000010000000000000000000
after column at 48 by 5:
current screen:
11111111101111111110011101111011101111011110101011
00111111100000110000101000000011100111000010000110
00000000001010000000000100000000010000000000011000
10000000000000000000001001000011110000000010000001
00101000000000000000100000000000000000000000000000
00000000000000010000000000000010000000000000000010
after column at 47 by 5:
current screen:
11111111101111111110011101111011101111011110101111
00111111100000110000101000000011100111000010000010
00000000001010000000000100000000010000000000011000
10000000000000000000001001000011110000000010000001
00101000000000000000100000000000000000000000000000
00000000000000010000000000000010000000000000000010
after column at 46 by 3:
current screen:
11111111101111111110011101111011101111011110100111
00111111100000110000101000000011100111000010000010
00000000001010000000000100000000010000000000010000
10000000000000000000001001000011110000000010001001
00101000000000000000100000000000000000000000000000
00000000000000010000000000000010000000000000001010
after column at 45 by 4:
current screen:
11111111101111111110011101111011101111011110110111
00111111100000110000101000000011100111000010000010
00000000001010000000000100000000010000000000000000
10000000000000000000001001000011110000000010001001
00101000000000000000100000000000000000000000000000
00000000000000010000000000000010000000000000001010
after column at 43 by 5:
current screen:
11111111101111111110011101111011101111011110110111
00111111100000110000101000000011100111000010000010
00000000001010000000000100000000010000000000000000
10000000000000000000001001000011110000000010001001
00101000000000000000100000000000000000000000000000
00000000000000010000000000000010000000000000001010
after column at 42 by 5:
current screen:
11111111101111111110011101111011101111011110110111
00111111100000110000101000000011100111000000000010
00000000001010000000000100000000010000000010000000
10000000000000000000001001000011110000000000001001
00101000000000000000100000000000000000000000000000
00000000000000010000000000000010000000000010001010
after column at 41 by 5:
current screen:
11111111101111111110011101111011101111011010110111
00111111100000110000101000000011100111000000000010
00000000001010000000000100000000010000000010000000
10000000000000000000001001000011110000000000001001
00101000000000000000100000000000000000000000000000
00000000000000010000000000000010000000000110001010
after column at 38 by 1:
current screen:
11111111101111111110011101111011101111011010110111
00111111100000110000101000000011100111000000000010
00000000001010000000000100000000010000000010000000
10000000000000000000001001000011110000000000001001
00101000000000000000100000000000000000000000000000
00000000000000010000000000000010000000000110001010
after column at 37 by 5:
current screen:
11111111101111111110011101111011101111011010110111
00111111100000110000101000000011100110000000000010
00000000001010000000000100000000010000000010000000
10000000000000000000001001000011110000000000001001
00101000000000000000100000000000000000000000000000
00000000000000010000000000000010000001000110001010
after column at 36 by 5:
current screen:
11111111101111111110011101111011101111011010110111
00111111100000110000101000000011100100000000000010
00000000001010000000000100000000010000000010000000
10000000000000000000001001000011110000000000001001
00101000000000000000100000000000000000000000000000
00000000000000010000000000000010000011000110001010
after column at 35 by 1:
current screen:
11111111101111111110011101111011101111011010110111
00111111100000110000101000000011100100000000000010
00000000001010000000000100000000010000000010000000
10000000000000000000001001000011110000000000001001
00101000000000000000100000000000000000000000000000
00000000000000010000000000000010000011000110001010
after column at 33 by 1:
current screen:
11111111101111111110011101111011101111011010110111
00111111100000110000101000000011100100000000000010
00000000001010000000000100000000010000000010000000
10000000000000000000001001000011110000000000001001
00101000000000000000100000000000000000000000000000
00000000000000010000000000000010000011000110001010
after column at 32 by 5:
current screen:
11111111101111111110011101111011101111011010110111
00111111100000110000101000000011000100000000000010
00000000001010000000000100000000110000000010000000
10000000000000000000001001000011010000000000001001
00101000000000000000100000000000000000000000000000
00000000000000010000000000000010100011000110001010
after column at 31 by 5:
current screen:
11111111101111111110011101111011101111011010110111
00111111100000110000101000000010000100000000000010
00000000001010000000000100000001110000000010000000
10000000000000000000001001000010010000000000001001
00101000000000000000100000000000000000000000000000
00000000000000010000000000000011100011000110001010
after column at 28 by 5:
current screen:
11111111101111111110011101110011101111011010110111
00111111100000110000101000000010000100000000000010
00000000001010000000000100000001110000000010000000
10000000000000000000001001000010010000000000001001
00101000000000000000100000000000000000000000000000
00000000000000010000000000001011100011000110001010
after column at 27 by 5:
current screen:
11111111101111111110011101100011101111011010110111
00111111100000110000101000000010000100000000000010
00000000001010000000000100000001110000000010000000
10000000000000000000001001000010010000000000001001
00101000000000000000100000000000000000000000000000
00000000000000010000000000011011100011000110001010
after column at 26 by 5:
current screen:
11111111101111111110011101000011101111011010110111
00111111100000110000101000000010000100000000000010
00000000001010000000000100000001110000000010000000
10000000000000000000001001000010010000000000001001
00101000000000000000100000000000000000000000000000
00000000000000010000000000111011100011000110001010
after column at 17 by 5:
current screen:
11111111101111111010011101000011101111011010110111
00111111100000110000101000000010000100000000000010
00000000001010000000000100000001110000000010000000
10000000000000000000001001000010010000000000001001
00101000000000000000100000000000000000000000000000
00000000000000010100000000111011100011000110001010
after column at 16 by 5:
current screen:
11111111101111110010011101000011101111011010110111
00111111100000110000101000000010000100000000000010
00000000001010000000000100000001110000000010000000
10000000000000000000001001000010010000000000001001
00101000000000000000100000000000000000000000000000
00000000000000011100000000111011100011000110001010
after column at 15 by 4:
current screen:
11111111101111100010011101000011101111011010110111
00111111100000100000101000000010000100000000000010
00000000001010000000000100000001110000000010000000
10000000000000010000001001000010010000000000001001
00101000000000010000100000000000000000000000000000
00000000000000011100000000111011100011000110001010
after column at 13 by 1:
current screen:
11111111101110100010011101000011101111011010110111
00111111100001100000101000000010000100000000000010
00000000001010000000000100000001110000000010000000
10000000000000010000001001000010010000000000001001
00101000000000010000100000000000000000000000000000
00000000000000011100000000111011100011000110001010
after column at 12 by 5:
current screen:
11111111101100100010011101000011101111011010110111
00111111100011100000101000000010000100000000000010
00000000001000000000000100000001110000000010000000
10000000000000010000001001000010010000000000001001
00101000000000010000100000000000000000000000000000
00000000000010011100000000111011100011000110001010
after column at 11 by 5:
current screen:
11111111101000100010011101000011101111011010110111
00111111100011100000101000000010000100000000000010
00000000001000000000000100000001110000000010000000
10000000000000010000001001000010010000000000001001
00101000000000010000100000000000000000000000000000
00000000000110011100000000111011100011000110001010
after column at 10 by 1:
current screen:
11111111100000100010011101000011101111011010110111
00111111101011100000101000000010000100000000000010
00000000001000000000000100000001110000000010000000
10000000000000010000001001000010010000000000001001
00101000000000010000100000000000000000000000000000
00000000000110011100000000111011100011000110001010
after column at 8 by 1:
current screen:
11111111100000100010011101000011101111011010110111
00111111101011100000101000000010000100000000000010
00000000001000000000000100000001110000000010000000
10000000000000010000001001000010010000000000001001
00101000000000010000100000000000000000000000000000
00000000000110011100000000111011100011000110001010
after column at 2 by 5:
current screen:
11111111100000100010011101000011101111011010110111
00011111101011100000101000000010000100000000000010
00000000001000000000000100000001110000000010000000
10100000000000010000001001000010010000000000001001
00001000000000010000100000000000000000000000000000
00100000000110011100000000111011100011000110001010
after column at 1 by 5:
current screen:
10111111100000100010011101000011101111011010110111
00011111101011100000101000000010000100000000000010
00000000001000000000000100000001110000000010000000
10100000000000010000001001000010010000000000001001
00001000000000010000100000000000000000000000000000
01100000000110011100000000111011100011000110001010
current screen:
10111111100000100010011101000011101111011010110111
00011111101011100000101000000010000100000000000010
00000000001000000000000100000001110000000010000000
10100000000000010000001001000010010000000000001001
00001000000000010000100000000000000000000000000000
01100000000110011100000000111011100011000110001010
81
